Wed Aug 26 19:48:11 EDT 2015 java.lang.NullPointerException
    quickforms.dao.Database.useApp(Database.java:438)
    quickforms.dao.Database.getMeta(Database.java:183)
    quickforms.dao.Database.putFact(Database.java:106)
    quickforms.dao.Database.putFactProcess(Database.java:755)
    ruleEngine.PregApp.evaluate(PregApp.java:39)
    ruleEngine.RuleEngine.execute(RuleEngine.java:40)
    ruleEngine.RuleEngineTest.ruleEngineTest(RuleEngineTest.java:80)
    sun.reflect.NativeMethodAccessorImpl.invoke0(Native Method)
    sun.reflect.NativeMethodAccessorImpl.invoke(NativeMethodAccessorImpl.java:62)
    sun.reflect.DelegatingMethodAccessorImpl.invoke(DelegatingMethodAccessorImpl.java:43)
    java.lang.reflect.Method.invoke(Method.java:483)
    org.junit.runners.model.FrameworkMethod$1.runReflectiveCall(FrameworkMethod.java:50)
    org.junit.internal.runners.model.ReflectiveCallable.run(ReflectiveCallable.java:12)
    org.junit.runners.model.FrameworkMethod.invokeExplosively(FrameworkMethod.java:47)
    org.junit.internal.runners.statements.InvokeMethod.evaluate(InvokeMethod.java:17)
    org.junit.runners.ParentRunner.runLeaf(ParentRunner.java:325)
    org.junit.runners.BlockJUnit4ClassRunner.runChild(BlockJUnit4ClassRunner.java:78)
    org.junit.runners.BlockJUnit4ClassRunner.runChild(BlockJUnit4ClassRunner.java:57)
    org.junit.runners.ParentRunner$3.run(ParentRunner.java:290)
    org.junit.runners.ParentRunner$1.schedule(ParentRunner.java:71)
    org.junit.runners.ParentRunner.runChildren(ParentRunner.java:288)
    org.junit.runners.ParentRunner.access$000(ParentRunner.java:58)
    org.junit.runners.ParentRunner$2.evaluate(ParentRunner.java:268)
    org.junit.runners.ParentRunner.run(ParentRunner.java:363)
    org.apache.maven.surefire.junit4.JUnit4Provider.execute(JUnit4Provider.java:252)
    org.apache.maven.surefire.junit4.JUnit4Provider.executeTestSet(JUnit4Provider.java:141)
    org.apache.maven.surefire.junit4.JUnit4Provider.invoke(JUnit4Provider.java:112)
    sun.reflect.NativeMethodAccessorImpl.invoke0(Native Method)
    sun.reflect.NativeMethodAccessorImpl.invoke(NativeMethodAccessorImpl.java:62)
    sun.reflect.DelegatingMethodAccessorImpl.invoke(DelegatingMethodAccessorImpl.java:43)
    java.lang.reflect.Method.invoke(Method.java:483)
    org.apache.maven.surefire.util.ReflectionUtils.invokeMethodWithArray(ReflectionUtils.java:189)
    org.apache.maven.surefire.booter.ProviderFactory$ProviderProxy.invoke(ProviderFactory.java:165)
    org.apache.maven.surefire.booter.ProviderFactory.invokeProvider(ProviderFactory.java:85)
    org.apache.maven.surefire.booter.ForkedBooter.runSuitesInProcess(ForkedBooter.java:115)
    org.apache.maven.surefire.booter.ForkedBooter.main(ForkedBooter.java:75)
Mon Aug 31 15:26:05 EDT 2015 java.lang.Exception: This column does not exist in this FactEvent
    ruleEngine.FactEvent.getEventFieldValue(FactEvent.java:36)
    ruleEngine.PregApp.evaluate(PregApp.java:30)
    ruleEngine.RuleEngine.execute(RuleEngine.java:44)
    ruleEngine.RuleEngineTest.ruleEngineTest(RuleEngineTest.java:80)
    sun.reflect.NativeMethodAccessorImpl.invoke0(Native Method)
    sun.reflect.NativeMethodAccessorImpl.invoke(NativeMethodAccessorImpl.java:62)
    sun.reflect.DelegatingMethodAccessorImpl.invoke(DelegatingMethodAccessorImpl.java:43)
    java.lang.reflect.Method.invoke(Method.java:483)
    org.junit.runners.model.FrameworkMethod$1.runReflectiveCall(FrameworkMethod.java:50)
    org.junit.internal.runners.model.ReflectiveCallable.run(ReflectiveCallable.java:12)
    org.junit.runners.model.FrameworkMethod.invokeExplosively(FrameworkMethod.java:47)
    org.junit.internal.runners.statements.InvokeMethod.evaluate(InvokeMethod.java:17)
    org.junit.runners.ParentRunner.runLeaf(ParentRunner.java:325)
    org.junit.runners.BlockJUnit4ClassRunner.runChild(BlockJUnit4ClassRunner.java:78)
    org.junit.runners.BlockJUnit4ClassRunner.runChild(BlockJUnit4ClassRunner.java:57)
    org.junit.runners.ParentRunner$3.run(ParentRunner.java:290)
    org.junit.runners.ParentRunner$1.schedule(ParentRunner.java:71)
    org.junit.runners.ParentRunner.runChildren(ParentRunner.java:288)
    org.junit.runners.ParentRunner.access$000(ParentRunner.java:58)
    org.junit.runners.ParentRunner$2.evaluate(ParentRunner.java:268)
    org.junit.runners.ParentRunner.run(ParentRunner.java:363)
    org.apache.maven.surefire.junit4.JUnit4Provider.execute(JUnit4Provider.java:252)
    org.apache.maven.surefire.junit4.JUnit4Provider.executeTestSet(JUnit4Provider.java:141)
    org.apache.maven.surefire.junit4.JUnit4Provider.invoke(JUnit4Provider.java:112)
    sun.reflect.NativeMethodAccessorImpl.invoke0(Native Method)
    sun.reflect.NativeMethodAccessorImpl.invoke(NativeMethodAccessorImpl.java:62)
    sun.reflect.DelegatingMethodAccessorImpl.invoke(DelegatingMethodAccessorImpl.java:43)
    java.lang.reflect.Method.invoke(Method.java:483)
    org.apache.maven.surefire.util.ReflectionUtils.invokeMethodWithArray(ReflectionUtils.java:189)
    org.apache.maven.surefire.booter.ProviderFactory$ProviderProxy.invoke(ProviderFactory.java:165)
    org.apache.maven.surefire.booter.ProviderFactory.invokeProvider(ProviderFactory.java:85)
    org.apache.maven.surefire.booter.ForkedBooter.runSuitesInProcess(ForkedBooter.java:115)
    org.apache.maven.surefire.booter.ForkedBooter.main(ForkedBooter.java:75)
Mon Aug 31 15:29:30 EDT 2015 java.lang.Exception: This column does not exist in this FactEvent
    ruleEngine.FactEvent.getEventFieldValue(FactEvent.java:36)
    ruleEngine.PregApp.evaluate(PregApp.java:30)
    ruleEngine.RuleEngine.execute(RuleEngine.java:44)
    ruleEngine.RuleEngineTest.ruleEngineTest(RuleEngineTest.java:81)
    sun.reflect.NativeMethodAccessorImpl.invoke0(Native Method)
    sun.reflect.NativeMethodAccessorImpl.invoke(NativeMethodAccessorImpl.java:62)
    sun.reflect.DelegatingMethodAccessorImpl.invoke(DelegatingMethodAccessorImpl.java:43)
    java.lang.reflect.Method.invoke(Method.java:483)
    org.junit.runners.model.FrameworkMethod$1.runReflectiveCall(FrameworkMethod.java:50)
    org.junit.internal.runners.model.ReflectiveCallable.run(ReflectiveCallable.java:12)
    org.junit.runners.model.FrameworkMethod.invokeExplosively(FrameworkMethod.java:47)
    org.junit.internal.runners.statements.InvokeMethod.evaluate(InvokeMethod.java:17)
    org.junit.runners.ParentRunner.runLeaf(ParentRunner.java:325)
    org.junit.runners.BlockJUnit4ClassRunner.runChild(BlockJUnit4ClassRunner.java:78)
    org.junit.runners.BlockJUnit4ClassRunner.runChild(BlockJUnit4ClassRunner.java:57)
    org.junit.runners.ParentRunner$3.run(ParentRunner.java:290)
    org.junit.runners.ParentRunner$1.schedule(ParentRunner.java:71)
    org.junit.runners.ParentRunner.runChildren(ParentRunner.java:288)
    org.junit.runners.ParentRunner.access$000(ParentRunner.java:58)
    org.junit.runners.ParentRunner$2.evaluate(ParentRunner.java:268)
    org.junit.runners.ParentRunner.run(ParentRunner.java:363)
    org.apache.maven.surefire.junit4.JUnit4Provider.execute(JUnit4Provider.java:252)
    org.apache.maven.surefire.junit4.JUnit4Provider.executeTestSet(JUnit4Provider.java:141)
    org.apache.maven.surefire.junit4.JUnit4Provider.invoke(JUnit4Provider.java:112)
    sun.reflect.NativeMethodAccessorImpl.invoke0(Native Method)
    sun.reflect.NativeMethodAccessorImpl.invoke(NativeMethodAccessorImpl.java:62)
    sun.reflect.DelegatingMethodAccessorImpl.invoke(DelegatingMethodAccessorImpl.java:43)
    java.lang.reflect.Method.invoke(Method.java:483)
    org.apache.maven.surefire.util.ReflectionUtils.invokeMethodWithArray(ReflectionUtils.java:189)
    org.apache.maven.surefire.booter.ProviderFactory$ProviderProxy.invoke(ProviderFactory.java:165)
    org.apache.maven.surefire.booter.ProviderFactory.invokeProvider(ProviderFactory.java:85)
    org.apache.maven.surefire.booter.ForkedBooter.runSuitesInProcess(ForkedBooter.java:115)
    org.apache.maven.surefire.booter.ForkedBooter.main(ForkedBooter.java:75)
Mon Aug 31 15:31:34 EDT 2015 java.lang.Exception: This column does not exist in this FactEvent
    ruleEngine.FactEvent.getEventFieldValue(FactEvent.java:36)
    ruleEngine.PregApp.evaluate(PregApp.java:30)
    ruleEngine.RuleEngine.execute(RuleEngine.java:44)
    ruleEngine.RuleEngineTest.ruleEngineTest(RuleEngineTest.java:80)
    sun.reflect.NativeMethodAccessorImpl.invoke0(Native Method)
    sun.reflect.NativeMethodAccessorImpl.invoke(NativeMethodAccessorImpl.java:62)
    sun.reflect.DelegatingMethodAccessorImpl.invoke(DelegatingMethodAccessorImpl.java:43)
    java.lang.reflect.Method.invoke(Method.java:483)
    org.junit.runners.model.FrameworkMethod$1.runReflectiveCall(FrameworkMethod.java:50)
    org.junit.internal.runners.model.ReflectiveCallable.run(ReflectiveCallable.java:12)
    org.junit.runners.model.FrameworkMethod.invokeExplosively(FrameworkMethod.java:47)
    org.junit.internal.runners.statements.InvokeMethod.evaluate(InvokeMethod.java:17)
    org.junit.runners.ParentRunner.runLeaf(ParentRunner.java:325)
    org.junit.runners.BlockJUnit4ClassRunner.runChild(BlockJUnit4ClassRunner.java:78)
    org.junit.runners.BlockJUnit4ClassRunner.runChild(BlockJUnit4ClassRunner.java:57)
    org.junit.runners.ParentRunner$3.run(ParentRunner.java:290)
    org.junit.runners.ParentRunner$1.schedule(ParentRunner.java:71)
    org.junit.runners.ParentRunner.runChildren(ParentRunner.java:288)
    org.junit.runners.ParentRunner.access$000(ParentRunner.java:58)
    org.junit.runners.ParentRunner$2.evaluate(ParentRunner.java:268)
    org.junit.runners.ParentRunner.run(ParentRunner.java:363)
    org.apache.maven.surefire.junit4.JUnit4Provider.execute(JUnit4Provider.java:252)
    org.apache.maven.surefire.junit4.JUnit4Provider.executeTestSet(JUnit4Provider.java:141)
    org.apache.maven.surefire.junit4.JUnit4Provider.invoke(JUnit4Provider.java:112)
    sun.reflect.NativeMethodAccessorImpl.invoke0(Native Method)
    sun.reflect.NativeMethodAccessorImpl.invoke(NativeMethodAccessorImpl.java:62)
    sun.reflect.DelegatingMethodAccessorImpl.invoke(DelegatingMethodAccessorImpl.java:43)
    java.lang.reflect.Method.invoke(Method.java:483)
    org.apache.maven.surefire.util.ReflectionUtils.invokeMethodWithArray(ReflectionUtils.java:189)
    org.apache.maven.surefire.booter.ProviderFactory$ProviderProxy.invoke(ProviderFactory.java:165)
    org.apache.maven.surefire.booter.ProviderFactory.invokeProvider(ProviderFactory.java:85)
    org.apache.maven.surefire.booter.ForkedBooter.runSuitesInProcess(ForkedBooter.java:115)
    org.apache.maven.surefire.booter.ForkedBooter.main(ForkedBooter.java:75)
Mon Aug 31 15:33:13 EDT 2015 java.lang.Exception: The column factTable does not exist in this FactEvent
    ruleEngine.FactEvent.getEventFieldValue(FactEvent.java:36)
    ruleEngine.PregApp.evaluate(PregApp.java:30)
    ruleEngine.RuleEngine.execute(RuleEngine.java:44)
    ruleEngine.RuleEngineTest.ruleEngineTest(RuleEngineTest.java:80)
    sun.reflect.NativeMethodAccessorImpl.invoke0(Native Method)
    sun.reflect.NativeMethodAccessorImpl.invoke(NativeMethodAccessorImpl.java:62)
    sun.reflect.DelegatingMethodAccessorImpl.invoke(DelegatingMethodAccessorImpl.java:43)
    java.lang.reflect.Method.invoke(Method.java:483)
    org.junit.runners.model.FrameworkMethod$1.runReflectiveCall(FrameworkMethod.java:50)
    org.junit.internal.runners.model.ReflectiveCallable.run(ReflectiveCallable.java:12)
    org.junit.runners.model.FrameworkMethod.invokeExplosively(FrameworkMethod.java:47)
    org.junit.internal.runners.statements.InvokeMethod.evaluate(InvokeMethod.java:17)
    org.junit.runners.ParentRunner.runLeaf(ParentRunner.java:325)
    org.junit.runners.BlockJUnit4ClassRunner.runChild(BlockJUnit4ClassRunner.java:78)
    org.junit.runners.BlockJUnit4ClassRunner.runChild(BlockJUnit4ClassRunner.java:57)
    org.junit.runners.ParentRunner$3.run(ParentRunner.java:290)
    org.junit.runners.ParentRunner$1.schedule(ParentRunner.java:71)
    org.junit.runners.ParentRunner.runChildren(ParentRunner.java:288)
    org.junit.runners.ParentRunner.access$000(ParentRunner.java:58)
    org.junit.runners.ParentRunner$2.evaluate(ParentRunner.java:268)
    org.junit.runners.ParentRunner.run(ParentRunner.java:363)
    org.apache.maven.surefire.junit4.JUnit4Provider.execute(JUnit4Provider.java:252)
    org.apache.maven.surefire.junit4.JUnit4Provider.executeTestSet(JUnit4Provider.java:141)
    org.apache.maven.surefire.junit4.JUnit4Provider.invoke(JUnit4Provider.java:112)
    sun.reflect.NativeMethodAccessorImpl.invoke0(Native Method)
    sun.reflect.NativeMethodAccessorImpl.invoke(NativeMethodAccessorImpl.java:62)
    sun.reflect.DelegatingMethodAccessorImpl.invoke(DelegatingMethodAccessorImpl.java:43)
    java.lang.reflect.Method.invoke(Method.java:483)
    org.apache.maven.surefire.util.ReflectionUtils.invokeMethodWithArray(ReflectionUtils.java:189)
    org.apache.maven.surefire.booter.ProviderFactory$ProviderProxy.invoke(ProviderFactory.java:165)
    org.apache.maven.surefire.booter.ProviderFactory.invokeProvider(ProviderFactory.java:85)
    org.apache.maven.surefire.booter.ForkedBooter.runSuitesInProcess(ForkedBooter.java:115)
    org.apache.maven.surefire.booter.ForkedBooter.main(ForkedBooter.java:75)
