Mon Aug 31 15:16:40 EDT 2015 java.io.FileNotFoundException: webapps\scheduler\RuleSets.xml (The system cannot find the path specified)
    java.io.FileInputStream.open(Native Method)
    java.io.FileInputStream.<init>(FileInputStream.java:138)
    java.io.FileInputStream.<init>(FileInputStream.java:93)
    ruleEngine.RuleSetsParser.parse(RuleSetsParser.java:28)
    ruleEngine.RuleEngine.readRuleSetsXML(RuleEngine.java:21)
    ruleEngine.RuleEngine.<init>(RuleEngine.java:16)
    ruleEngine.RuleEngineTest.ruleEngineTest(RuleEngineTest.java:78)
    sun.reflect.NativeMethodAccessorImpl.invoke0(Native Method)
    sun.reflect.NativeMethodAccessorImpl.invoke(NativeMethodAccessorImpl.java:62)
    sun.reflect.DelegatingMethodAccessorImpl.invoke(DelegatingMethodAccessorImpl.java:43)
    java.lang.reflect.Method.invoke(Method.java:483)
    org.junit.runners.model.FrameworkMethod$1.runReflectiveCall(FrameworkMethod.java:50)
    org.junit.internal.runners.model.ReflectiveCallable.run(ReflectiveCallable.java:12)
    org.junit.runners.model.FrameworkMethod.invokeExplosively(FrameworkMethod.java:47)
    org.junit.internal.runners.statements.InvokeMethod.evaluate(InvokeMethod.java:17)
    org.junit.runners.ParentRunner.runLeaf(ParentRunner.java:325)
    org.junit.runners.BlockJUnit4ClassRunner.runChild(BlockJUnit4ClassRunner.java:78)
    org.junit.runners.BlockJUnit4ClassRunner.runChild(BlockJUnit4ClassRunner.java:57)
    org.junit.runners.ParentRunner$3.run(ParentRunner.java:290)
    org.junit.runners.ParentRunner$1.schedule(ParentRunner.java:71)
    org.junit.runners.ParentRunner.runChildren(ParentRunner.java:288)
    org.junit.runners.ParentRunner.access$000(ParentRunner.java:58)
    org.junit.runners.ParentRunner$2.evaluate(ParentRunner.java:268)
    org.junit.runners.ParentRunner.run(ParentRunner.java:363)
    org.apache.maven.surefire.junit4.JUnit4Provider.execute(JUnit4Provider.java:252)
    org.apache.maven.surefire.junit4.JUnit4Provider.executeTestSet(JUnit4Provider.java:141)
    org.apache.maven.surefire.junit4.JUnit4Provider.invoke(JUnit4Provider.java:112)
    sun.reflect.NativeMethodAccessorImpl.invoke0(Native Method)
    sun.reflect.NativeMethodAccessorImpl.invoke(NativeMethodAccessorImpl.java:62)
    sun.reflect.DelegatingMethodAccessorImpl.invoke(DelegatingMethodAccessorImpl.java:43)
    java.lang.reflect.Method.invoke(Method.java:483)
    org.apache.maven.surefire.util.ReflectionUtils.invokeMethodWithArray(ReflectionUtils.java:189)
    org.apache.maven.surefire.booter.ProviderFactory$ProviderProxy.invoke(ProviderFactory.java:165)
    org.apache.maven.surefire.booter.ProviderFactory.invokeProvider(ProviderFactory.java:85)
    org.apache.maven.surefire.booter.ForkedBooter.runSuitesInProcess(ForkedBooter.java:115)
    org.apache.maven.surefire.booter.ForkedBooter.main(ForkedBooter.java:75)
Mon Aug 31 15:19:42 EDT 2015 java.io.FileNotFoundException: webapps\scheduler\RuleSets.xml (The system cannot find the path specified)
    java.io.FileInputStream.open(Native Method)
    java.io.FileInputStream.<init>(FileInputStream.java:138)
    java.io.FileInputStream.<init>(FileInputStream.java:93)
    ruleEngine.RuleSetsParser.parse(RuleSetsParser.java:28)
    ruleEngine.RuleEngine.readRuleSetsXML(RuleEngine.java:21)
    ruleEngine.RuleEngine.<init>(RuleEngine.java:16)
    ruleEngine.RuleEngineTest.ruleEngineTest(RuleEngineTest.java:78)
    sun.reflect.NativeMethodAccessorImpl.invoke0(Native Method)
    sun.reflect.NativeMethodAccessorImpl.invoke(NativeMethodAccessorImpl.java:62)
    sun.reflect.DelegatingMethodAccessorImpl.invoke(DelegatingMethodAccessorImpl.java:43)
    java.lang.reflect.Method.invoke(Method.java:483)
    org.junit.runners.model.FrameworkMethod$1.runReflectiveCall(FrameworkMethod.java:50)
    org.junit.internal.runners.model.ReflectiveCallable.run(ReflectiveCallable.java:12)
    org.junit.runners.model.FrameworkMethod.invokeExplosively(FrameworkMethod.java:47)
    org.junit.internal.runners.statements.InvokeMethod.evaluate(InvokeMethod.java:17)
    org.junit.runners.ParentRunner.runLeaf(ParentRunner.java:325)
    org.junit.runners.BlockJUnit4ClassRunner.runChild(BlockJUnit4ClassRunner.java:78)
    org.junit.runners.BlockJUnit4ClassRunner.runChild(BlockJUnit4ClassRunner.java:57)
    org.junit.runners.ParentRunner$3.run(ParentRunner.java:290)
    org.junit.runners.ParentRunner$1.schedule(ParentRunner.java:71)
    org.junit.runners.ParentRunner.runChildren(ParentRunner.java:288)
    org.junit.runners.ParentRunner.access$000(ParentRunner.java:58)
    org.junit.runners.ParentRunner$2.evaluate(ParentRunner.java:268)
    org.junit.runners.ParentRunner.run(ParentRunner.java:363)
    org.apache.maven.surefire.junit4.JUnit4Provider.execute(JUnit4Provider.java:252)
    org.apache.maven.surefire.junit4.JUnit4Provider.executeTestSet(JUnit4Provider.java:141)
    org.apache.maven.surefire.junit4.JUnit4Provider.invoke(JUnit4Provider.java:112)
    sun.reflect.NativeMethodAccessorImpl.invoke0(Native Method)
    sun.reflect.NativeMethodAccessorImpl.invoke(NativeMethodAccessorImpl.java:62)
    sun.reflect.DelegatingMethodAccessorImpl.invoke(DelegatingMethodAccessorImpl.java:43)
    java.lang.reflect.Method.invoke(Method.java:483)
    org.apache.maven.surefire.util.ReflectionUtils.invokeMethodWithArray(ReflectionUtils.java:189)
    org.apache.maven.surefire.booter.ProviderFactory$ProviderProxy.invoke(ProviderFactory.java:165)
    org.apache.maven.surefire.booter.ProviderFactory.invokeProvider(ProviderFactory.java:85)
    org.apache.maven.surefire.booter.ForkedBooter.runSuitesInProcess(ForkedBooter.java:115)
    org.apache.maven.surefire.booter.ForkedBooter.main(ForkedBooter.java:75)
Mon Aug 31 15:22:20 EDT 2015 java.io.FileNotFoundException: .\webapps\scheduler\RuleSets.xml (The system cannot find the path specified)
    java.io.FileInputStream.open(Native Method)
    java.io.FileInputStream.<init>(FileInputStream.java:138)
    java.io.FileInputStream.<init>(FileInputStream.java:93)
    ruleEngine.RuleSetsParser.parse(RuleSetsParser.java:28)
    ruleEngine.RuleEngine.readRuleSetsXML(RuleEngine.java:21)
    ruleEngine.RuleEngine.<init>(RuleEngine.java:16)
    ruleEngine.RuleEngineTest.ruleEngineTest(RuleEngineTest.java:78)
    sun.reflect.NativeMethodAccessorImpl.invoke0(Native Method)
    sun.reflect.NativeMethodAccessorImpl.invoke(NativeMethodAccessorImpl.java:62)
    sun.reflect.DelegatingMethodAccessorImpl.invoke(DelegatingMethodAccessorImpl.java:43)
    java.lang.reflect.Method.invoke(Method.java:483)
    org.junit.runners.model.FrameworkMethod$1.runReflectiveCall(FrameworkMethod.java:50)
    org.junit.internal.runners.model.ReflectiveCallable.run(ReflectiveCallable.java:12)
    org.junit.runners.model.FrameworkMethod.invokeExplosively(FrameworkMethod.java:47)
    org.junit.internal.runners.statements.InvokeMethod.evaluate(InvokeMethod.java:17)
    org.junit.runners.ParentRunner.runLeaf(ParentRunner.java:325)
    org.junit.runners.BlockJUnit4ClassRunner.runChild(BlockJUnit4ClassRunner.java:78)
    org.junit.runners.BlockJUnit4ClassRunner.runChild(BlockJUnit4ClassRunner.java:57)
    org.junit.runners.ParentRunner$3.run(ParentRunner.java:290)
    org.junit.runners.ParentRunner$1.schedule(ParentRunner.java:71)
    org.junit.runners.ParentRunner.runChildren(ParentRunner.java:288)
    org.junit.runners.ParentRunner.access$000(ParentRunner.java:58)
    org.junit.runners.ParentRunner$2.evaluate(ParentRunner.java:268)
    org.junit.runners.ParentRunner.run(ParentRunner.java:363)
    org.apache.maven.surefire.junit4.JUnit4Provider.execute(JUnit4Provider.java:252)
    org.apache.maven.surefire.junit4.JUnit4Provider.executeTestSet(JUnit4Provider.java:141)
    org.apache.maven.surefire.junit4.JUnit4Provider.invoke(JUnit4Provider.java:112)
    sun.reflect.NativeMethodAccessorImpl.invoke0(Native Method)
    sun.reflect.NativeMethodAccessorImpl.invoke(NativeMethodAccessorImpl.java:62)
    sun.reflect.DelegatingMethodAccessorImpl.invoke(DelegatingMethodAccessorImpl.java:43)
    java.lang.reflect.Method.invoke(Method.java:483)
    org.apache.maven.surefire.util.ReflectionUtils.invokeMethodWithArray(ReflectionUtils.java:189)
    org.apache.maven.surefire.booter.ProviderFactory$ProviderProxy.invoke(ProviderFactory.java:165)
    org.apache.maven.surefire.booter.ProviderFactory.invokeProvider(ProviderFactory.java:85)
    org.apache.maven.surefire.booter.ForkedBooter.runSuitesInProcess(ForkedBooter.java:115)
    org.apache.maven.surefire.booter.ForkedBooter.main(ForkedBooter.java:75)
